This is XeTeX, Version 3.141592653-2.6-0.999996 (TeX Live 2024) (preloaded format=xelatex 2025.2.8)  10 MAR 2026 10:16
entering extended mode
 restricted \write18 enabled.
 %&-line parsing enabled.
**abstract.tex
(./abstract.tex
LaTeX2e <2023-11-01> patch level 1
L3 programming layer <2024-02-20>

! LaTeX Error: Missing \begin{document}.

See the LaTeX manual or LaTeX Companion for explanation.
Type  H <return>  for immediate help.
 ...                                              
                                                  
l.3 超
     高真空是现代高端科学实验与先进制造技术的重要基础条件，其测量精度直接影响相关实验与工艺过程的可靠性。传统电离规类真空测量方法依赖气体电离过程，...

You're in trouble here.  Try typing  <return>  to proceed.
If that doesn't work, type  X <return>  to quit.

Missing character: There is no 超 ("8D85) in font nullfont!
Missing character: There is no 高 ("9AD8) in font nullfont!
Missing character: There is no 真 ("771F) in font nullfont!
Missing character: There is no 空 ("7A7A) in font nullfont!
Missing character: There is no 是 ("662F) in font nullfont!
Missing character: There is no 现 ("73B0) in font nullfont!
Missing character: There is no 代 ("4EE3) in font nullfont!
Missing character: There is no 高 ("9AD8) in font nullfont!
Missing character: There is no 端 ("7AEF) in font nullfont!
Missing character: There is no 科 ("79D1) in font nullfont!
Missing character: There is no 学 ("5B66) in font nullfont!
Missing character: There is no 实 ("5B9E) in font nullfont!
Missing character: There is no 验 ("9A8C) in font nullfont!
Missing character: There is no 与 ("4E0E) in font nullfont!
Missing character: There is no 先 ("5148) in font nullfont!
Missing character: There is no 进 ("8FDB) in font nullfont!
Missing character: There is no 制 ("5236) in font nullfont!
Missing character: There is no 造 ("9020) in font nullfont!
Missing character: There is no 技 ("6280) in font nullfont!
Missing character: There is no 术 ("672F) in font nullfont!
Missing character: There is no 的 ("7684) in font nullfont!
Missing character: There is no 重 ("91CD) in font nullfont!
Missing character: There is no 要 ("8981) in font nullfont!
Missing character: There is no 基 ("57FA) in font nullfont!
Missing character: There is no 础 ("7840) in font nullfont!
Missing character: There is no 条 ("6761) in font nullfont!
Missing character: There is no 件 ("4EF6) in font nullfont!
Missing character: There is no ， ("FF0C) in font nullfont!
Missing character: There is no 其 ("5176) in font nullfont!
Missing character: There is no 测 ("6D4B) in font nullfont!
Missing character: There is no 量 ("91CF) in font nullfont!
Missing character: There is no 精 ("7CBE) in font nullfont!
Missing character: There is no 度 ("5EA6) in font nullfont!
Missing character: There is no 直 ("76F4) in font nullfont!
Missing character: There is no 接 ("63A5) in font nullfont!
Missing character: There is no 影 ("5F71) in font nullfont!
Missing character: There is no 响 ("54CD) in font nullfont!
Missing character: There is no 相 ("76F8) in font nullfont!
Missing character: There is no 关 ("5173) in font nullfont!
Missing character: There is no 实 ("5B9E) in font nullfont!
Missing character: There is no 验 ("9A8C) in font nullfont!
Missing character: There is no 与 ("4E0E) in font nullfont!
Missing character: There is no 工 ("5DE5) in font nullfont!
Missing character: There is no 艺 ("827A) in font nullfont!
Missing character: There is no 过 ("8FC7) in font nullfont!
Missing character: There is no 程 ("7A0B) in font nullfont!
Missing character: There is no 的 ("7684) in font nullfont!
Missing character: There is no 可 ("53EF) in font nullfont!
Missing character: There is no 靠 ("9760) in font nullfont!
Missing character: There is no 性 ("6027) in font nullfont!
Missing character: There is no 。 ("3002) in font nullfont!
Missing character: There is no 传 ("4F20) in font nullfont!
Missing character: There is no 统 ("7EDF) in font nullfont!
Missing character: There is no 电 ("7535) in font nullfont!
Missing character: There is no 离 ("79BB) in font nullfont!
Missing character: There is no 规 ("89C4) in font nullfont!
Missing character: There is no 类 ("7C7B) in font nullfont!
Missing character: There is no 真 ("771F) in font nullfont!
Missing character: There is no 空 ("7A7A) in font nullfont!
Missing character: There is no 测 ("6D4B) in font nullfont!
Missing character: There is no 量 ("91CF) in font nullfont!
Missing character: There is no 方 ("65B9) in font nullfont!
Missing character: There is no 法 ("6CD5) in font nullfont!
Missing character: There is no 依 ("4F9D) in font nullfont!
Missing character: There is no 赖 ("8D56) in font nullfont!
Missing character: There is no 气 ("6C14) in font nullfont!
Missing character: There is no 体 ("4F53) in font nullfont!
Missing character: There is no 电 ("7535) in font nullfont!
Missing character: There is no 离 ("79BB) in font nullfont!
Missing character: There is no 过 ("8FC7) in font nullfont!
Missing character: There is no 程 ("7A0B) in font nullfont!
Missing character: There is no ， ("FF0C) in font nullfont!
Missing character: There is no 容 ("5BB9) in font nullfont!
Missing character: There is no 易 ("6613) in font nullfont!
Missing character: There is no 受 ("53D7) in font nullfont!
Missing character: There is no 到 ("5230) in font nullfont!
Missing character: There is no 气 ("6C14) in font nullfont!
Missing character: There is no 体 ("4F53) in font nullfont!
Missing character: There is no 种 ("79CD) in font nullfont!
Missing character: There is no 类 ("7C7B) in font nullfont!
Missing character: There is no 、 ("3001) in font nullfont!
Missing character: There is no 表 ("8868) in font nullfont!
Missing character: There is no 面 ("9762) in font nullfont!
Missing character: There is no 效 ("6548) in font nullfont!
Missing character: There is no 应 ("5E94) in font nullfont!
Missing character: There is no 及 ("53CA) in font nullfont!
Missing character: There is no 器 ("5668) in font nullfont!
Missing character: There is no 件 ("4EF6) in font nullfont!
Missing character: There is no 老 ("8001) in font nullfont!
Missing character: There is no 化 ("5316) in font nullfont!
Missing character: There is no 等 ("7B49) in font nullfont!
Missing character: There is no 因 ("56E0) in font nullfont!
Missing character: There is no 素 ("7D20) in font nullfont!
Missing character: There is no 影 ("5F71) in font nullfont!
Missing character: There is no 响 ("54CD) in font nullfont!
Missing character: There is no ， ("FF0C) in font nullfont!
Missing character: There is no 存 ("5B58) in font nullfont!
Missing character: There is no 在 ("5728) in font nullfont!
Missing character: There is no 固 ("56FA) in font nullfont!
Missing character: There is no 有 ("6709) in font nullfont!
Missing character: There is no 系 ("7CFB) in font nullfont!
Missing character: There is no 统 ("7EDF) in font nullfont!
Missing character: There is no 误 ("8BEF) in font nullfont!
Missing character: There is no 差 ("5DEE) in font nullfont!
Missing character: There is no 与 ("4E0E) in font nullfont!
Missing character: There is no 长 ("957F) in font nullfont!
Missing character: There is no 期 ("671F) in font nullfont!
Missing character: There is no 稳 ("7A33) in font nullfont!
Missing character: There is no 定 ("5B9A) in font nullfont!
Missing character: There is no 性 ("6027) in font nullfont!
Missing character: There is no 不 ("4E0D) in font nullfont!
Missing character: There is no 足 ("8DB3) in font nullfont!
Missing character: There is no 的 ("7684) in font nullfont!
Missing character: There is no 问 ("95EE) in font nullfont!
Missing character: There is no 题 ("9898) in font nullfont!
Missing character: There is no ， ("FF0C) in font nullfont!
Missing character: There is no 难 ("96BE) in font nullfont!
Missing character: There is no 以 ("4EE5) in font nullfont!
Missing character: There is no 满 ("6EE1) in font nullfont!
Missing character: There is no 足 ("8DB3) in font nullfont!
Missing character: There is no 高 ("9AD8) in font nullfont!
Missing character: There is no 精 ("7CBE) in font nullfont!
Missing character: There is no 度 ("5EA6) in font nullfont!
Missing character: There is no 、 ("3001) in font nullfont!
Missing character: There is no 可 ("53EF) in font nullfont!
Missing character: There is no 溯 ("6EAF) in font nullfont!
Missing character: There is no 源 ("6E90) in font nullfont!
Missing character: There is no 真 ("771F) in font nullfont!
Missing character: There is no 空 ("7A7A) in font nullfont!
Missing character: There is no 计 ("8BA1) in font nullfont!
Missing character: There is no 量 ("91CF) in font nullfont!
Missing character: There is no 的 ("7684) in font nullfont!
Missing character: There is no 需 ("9700) in font nullfont!
Missing character: There is no 求 ("6C42) in font nullfont!
Missing character: There is no 。 ("3002) in font nullfont!
Missing character: There is no 基 ("57FA) in font nullfont!
Missing character: There is no 于 ("4E8E) in font nullfont!
Missing character: There is no 冷 ("51B7) in font nullfont!
Missing character: There is no 原 ("539F) in font nullfont!
Missing character: There is no 子 ("5B50) in font nullfont!
Missing character: There is no 碰 ("78B0) in font nullfont!
Missing character: There is no 撞 ("649E) in font nullfont!
Missing character: There is no 损 ("635F) in font nullfont!
Missing character: There is no 失 ("5931) in font nullfont!
Missing character: There is no 机 ("673A) in font nullfont!
Missing character: There is no 制 ("5236) in font nullfont!
Missing character: There is no 的 ("7684) in font nullfont!
Missing character: There is no 量 ("91CF) in font nullfont!
Missing character: There is no 子 ("5B50) in font nullfont!
Missing character: There is no 真 ("771F) in font nullfont!
Missing character: There is no 空 ("7A7A) in font nullfont!
Missing character: There is no 测 ("6D4B) in font nullfont!
Missing character: There is no 量 ("91CF) in font nullfont!
Missing character: There is no 技 ("6280) in font nullfont!
Missing character: There is no 术 ("672F) in font nullfont!
Missing character: There is no 利 ("5229) in font nullfont!
Missing character: There is no 用 ("7528) in font nullfont!
Missing character: There is no 背 ("80CC) in font nullfont!
Missing character: There is no 景 ("666F) in font nullfont!
Missing character: There is no 气 ("6C14) in font nullfont!
Missing character: There is no 体 ("4F53) in font nullfont!
Missing character: There is no 与 ("4E0E) in font nullfont!
Missing character: There is no 冷 ("51B7) in font nullfont!
Missing character: There is no 原 ("539F) in font nullfont!
Missing character: There is no 子 ("5B50) in font nullfont!
Missing character: There is no 之 ("4E4B) in font nullfont!
Missing character: There is no 间 ("95F4) in font nullfont!
Missing character: There is no 的 ("7684) in font nullfont!
Missing character: There is no 碰 ("78B0) in font nullfont!
Missing character: There is no 撞 ("649E) in font nullfont!
Missing character: There is no 过 ("8FC7) in font nullfont!
Missing character: There is no 程 ("7A0B) in font nullfont!
Missing character: There is no ， ("FF0C) in font nullfont!
Missing character: There is no 通 ("901A) in font nullfont!
Missing character: There is no 过 ("8FC7) in font nullfont!
Missing character: There is no 测 ("6D4B) in font nullfont!
Missing character: There is no 量 ("91CF) in font nullfont!
Missing character: There is no 原 ("539F) in font nullfont!
Missing character: There is no 子 ("5B50) in font nullfont!
Missing character: There is no 损 ("635F) in font nullfont!
Missing character: There is no 失 ("5931) in font nullfont!
Missing character: There is no 率 ("7387) in font nullfont!
Missing character: There is no 反 ("53CD) in font nullfont!
Missing character: There is no 演 ("6F14) in font nullfont!
Missing character: There is no 真 ("771F) in font nullfont!
Missing character: There is no 空 ("7A7A) in font nullfont!
Missing character: There is no 压 ("538B) in font nullfont!
Missing character: There is no 强 ("5F3A) in font nullfont!
Missing character: There is no ， ("FF0C) in font nullfont!
Missing character: There is no 其 ("5176) in font nullfont!
Missing character: There is no 测 ("6D4B) in font nullfont!
Missing character: There is no 量 ("91CF) in font nullfont!
Missing character: There is no 结 ("7ED3) in font nullfont!
Missing character: There is no 果 ("679C) in font nullfont!
Missing character: There is no 可 ("53EF) in font nullfont!
Missing character: There is no 直 ("76F4) in font nullfont!
Missing character: There is no 接 ("63A5) in font nullfont!
Missing character: There is no 溯 ("6EAF) in font nullfont!
Missing character: There is no 源 ("6E90) in font nullfont!
Missing character: There is no 至 ("81F3) in font nullfont!
Missing character: There is no 基 ("57FA) in font nullfont!
Missing character: There is no 本 ("672C) in font nullfont!
Missing character: There is no 物 ("7269) in font nullfont!
Missing character: There is no 理 ("7406) in font nullfont!
Missing character: There is no 常 ("5E38) in font nullfont!
Missing character: There is no 数 ("6570) in font nullfont!
Missing character: There is no ， ("FF0C) in font nullfont!
Missing character: There is no 具 ("5177) in font nullfont!
Missing character: There is no 有 ("6709) in font nullfont!
Missing character: There is no 测 ("6D4B) in font nullfont!
Missing character: There is no 量 ("91CF) in font nullfont!
Missing character: There is no 精 ("7CBE) in font nullfont!
Missing character: There is no 度 ("5EA6) in font nullfont!
Missing character: There is no 高 ("9AD8) in font nullfont!
Missing character: There is no 、 ("3001) in font nullfont!
Missing character: There is no 长 ("957F) in font nullfont!
Missing character: There is no 期 ("671F) in font nullfont!
Missing character: There is no 稳 ("7A33) in font nullfont!
Missing character: There is no 定 ("5B9A) in font nullfont!
Missing character: There is no 性 ("6027) in font nullfont!
Missing character: There is no 好 ("597D) in font nullfont!
Missing character: There is no 等 ("7B49) in font nullfont!
Missing character: There is no 优 ("4F18) in font nullfont!
Missing character: There is no 势 ("52BF) in font nullfont!
Missing character: There is no ， ("FF0C) in font nullfont!
Missing character: There is no 近 ("8FD1) in font nullfont!
Missing character: There is no 年 ("5E74) in font nullfont!
Missing character: There is no 来 ("6765) in font nullfont!
Missing character: There is no 已 ("5DF2) in font nullfont!
Missing character: There is no 成 ("6210) in font nullfont!
Missing character: There is no 为 ("4E3A) in font nullfont!
Missing character: There is no 真 ("771F) in font nullfont!
Missing character: There is no 空 ("7A7A) in font nullfont!
Missing character: There is no 计 ("8BA1) in font nullfont!
Missing character: There is no 量 ("91CF) in font nullfont!
Missing character: There is no 领 ("9886) in font nullfont!
Missing character: There is no 域 ("57DF) in font nullfont!
Missing character: There is no 的 ("7684) in font nullfont!
Missing character: There is no 重 ("91CD) in font nullfont!
Missing character: There is no 要 ("8981) in font nullfont!
Missing character: There is no 研 ("7814) in font nullfont!
Missing character: There is no 究 ("7A76) in font nullfont!
Missing character: There is no 方 ("65B9) in font nullfont!
Missing character: There is no 向 ("5411) in font nullfont!
Missing character: There is no 。 ("3002) in font nullfont!
Missing character: There is no 然 ("7136) in font nullfont!
Missing character: There is no 而 ("800C) in font nullfont!
Missing character: There is no ， ("FF0C) in font nullfont!
Missing character: There is no 现 ("73B0) in font nullfont!
Missing character: There is no 有 ("6709) in font nullfont!
Missing character: There is no 研 ("7814) in font nullfont!
Missing character: There is no 究 ("7A76) in font nullfont!
Missing character: There is no 主 ("4E3B) in font nullfont!
Missing character: There is no 要 ("8981) in font nullfont!
Missing character: There is no 集 ("96C6) in font nullfont!
Missing character: There is no 中 ("4E2D) in font nullfont!
Missing character: There is no 于 ("4E8E) in font nullfont!
Missing character: There is no 测 ("6D4B) in font nullfont!
Missing character: There is no 量 ("91CF) in font nullfont!
Missing character: There is no 原 ("539F) in font nullfont!
Missing character: There is no 理 ("7406) in font nullfont!
Missing character: There is no 验 ("9A8C) in font nullfont!
Missing character: There is no 证 ("8BC1) in font nullfont!
Missing character: There is no 与 ("4E0E) in font nullfont!
Missing character: There is no 计 ("8BA1) in font nullfont!
Missing character: There is no 量 ("91CF) in font nullfont!
Missing character: There is no 模 ("6A21) in font nullfont!
Missing character: There is no 型 ("578B) in font nullfont!
Missing character: There is no 建 ("5EFA) in font nullfont!
Missing character: There is no 立 ("7ACB) in font nullfont!
Missing character: There is no ， ("FF0C) in font nullfont!
Missing character: There is no 在 ("5728) in font nullfont!
Missing character: There is no 装 ("88C5) in font nullfont!
Missing character: There is no 置 ("7F6E) in font nullfont!
Missing character: There is no 小 ("5C0F) in font nullfont!
Missing character: There is no 型 ("578B) in font nullfont!
Missing character: There is no 化 ("5316) in font nullfont!
Missing character: There is no 、 ("3001) in font nullfont!
Missing character: There is no 系 ("7CFB) in font nullfont!
Missing character: There is no 统 ("7EDF) in font nullfont!
Missing character: There is no 工 ("5DE5) in font nullfont!
Missing character: There is no 程 ("7A0B) in font nullfont!
Missing character: There is no 化 ("5316) in font nullfont!
Missing character: There is no 集 ("96C6) in font nullfont!
Missing character: There is no 成 ("6210) in font nullfont!
Missing character: There is no 及 ("53CA) in font nullfont!
Missing character: There is no 实 ("5B9E) in font nullfont!
Missing character: There is no 际 ("9645) in font nullfont!
Missing character: There is no 应 ("5E94) in font nullfont!
Missing character: There is no 用 ("7528) in font nullfont!
Missing character: There is no 适 ("9002) in font nullfont!
Missing character: There is no 配 ("914D) in font nullfont!
Missing character: There is no 方 ("65B9) in font nullfont!
Missing character: There is no 面 ("9762) in font nullfont!
Missing character: There is no 仍 ("4ECD) in font nullfont!
Missing character: There is no 存 ("5B58) in font nullfont!
Missing character: There is no 在 ("5728) in font nullfont!
Missing character: There is no 明 ("660E) in font nullfont!
Missing character: There is no 显 ("663E) in font nullfont!
Missing character: There is no 挑 ("6311) in font nullfont!
Missing character: There is no 战 ("6218) in font nullfont!
Missing character: There is no ， ("FF0C) in font nullfont!
Missing character: There is no 限 ("9650) in font nullfont!
Missing character: There is no 制 ("5236) in font nullfont!
Missing character: There is no 了 ("4E86) in font nullfont!
Missing character: There is no 该 ("8BE5) in font nullfont!
Missing character: There is no 技 ("6280) in font nullfont!
Missing character: There is no 术 ("672F) in font nullfont!
Missing character: There is no 的 ("7684) in font nullfont!
Missing character: There is no 进 ("8FDB) in font nullfont!
Missing character: There is no 一 ("4E00) in font nullfont!
Missing character: There is no 步 ("6B65) in font nullfont!
Missing character: There is no 推 ("63A8) in font nullfont!
Missing character: There is no 广 ("5E7F) in font nullfont!
Missing character: There is no 。 ("3002) in font nullfont!

Overfull \hbox (20.0pt too wide) in paragraph at lines 3--4
[] 
 []


! LaTeX Error: Missing \begin{document}.

See the LaTeX manual or LaTeX Companion for explanation.
Type  H <return>  for immediate help.
 ...                                              
                                                  
l.5 本
     文围绕小型化冷原子真空测量系统的设计与实验测试开展研究。针对传统冷原子实验装置体积大、结构复杂的问题，对实验系统进行了整体优化设计，包括紧凑型...

You're in trouble here.  Try typing  <return>  to proceed.
If that doesn't work, type  X <return>  to quit.

Missing character: There is no 本 ("672C) in font nullfont!
Missing character: There is no 文 ("6587) in font nullfont!
Missing character: There is no 围 ("56F4) in font nullfont!
Missing character: There is no 绕 ("7ED5) in font nullfont!
Missing character: There is no 小 ("5C0F) in font nullfont!
Missing character: There is no 型 ("578B) in font nullfont!
Missing character: There is no 化 ("5316) in font nullfont!
Missing character: There is no 冷 ("51B7) in font nullfont!
Missing character: There is no 原 ("539F) in font nullfont!
Missing character: There is no 子 ("5B50) in font nullfont!
Missing character: There is no 真 ("771F) in font nullfont!
Missing character: There is no 空 ("7A7A) in font nullfont!
Missing character: There is no 测 ("6D4B) in font nullfont!
Missing character: There is no 量 ("91CF) in font nullfont!
Missing character: There is no 系 ("7CFB) in font nullfont!
Missing character: There is no 统 ("7EDF) in font nullfont!
Missing character: There is no 的 ("7684) in font nullfont!
Missing character: There is no 设 ("8BBE) in font nullfont!
Missing character: There is no 计 ("8BA1) in font nullfont!
Missing character: There is no 与 ("4E0E) in font nullfont!
Missing character: There is no 实 ("5B9E) in font nullfont!
Missing character: There is no 验 ("9A8C) in font nullfont!
Missing character: There is no 测 ("6D4B) in font nullfont!
Missing character: There is no 试 ("8BD5) in font nullfont!
Missing character: There is no 开 ("5F00) in font nullfont!
Missing character: There is no 展 ("5C55) in font nullfont!
Missing character: There is no 研 ("7814) in font nullfont!
Missing character: There is no 究 ("7A76) in font nullfont!
Missing character: There is no 。 ("3002) in font nullfont!
Missing character: There is no 针 ("9488) in font nullfont!
Missing character: There is no 对 ("5BF9) in font nullfont!
Missing character: There is no 传 ("4F20) in font nullfont!
Missing character: There is no 统 ("7EDF) in font nullfont!
Missing character: There is no 冷 ("51B7) in font nullfont!
Missing character: There is no 原 ("539F) in font nullfont!
Missing character: There is no 子 ("5B50) in font nullfont!
Missing character: There is no 实 ("5B9E) in font nullfont!
Missing character: There is no 验 ("9A8C) in font nullfont!
Missing character: There is no 装 ("88C5) in font nullfont!
Missing character: There is no 置 ("7F6E) in font nullfont!
Missing character: There is no 体 ("4F53) in font nullfont!
Missing character: There is no 积 ("79EF) in font nullfont!
Missing character: There is no 大 ("5927) in font nullfont!
Missing character: There is no 、 ("3001) in font nullfont!
Missing character: There is no 结 ("7ED3) in font nullfont!
Missing character: There is no 构 ("6784) in font nullfont!
Missing character: There is no 复 ("590D) in font nullfont!
Missing character: There is no 杂 ("6742) in font nullfont!
Missing character: There is no 的 ("7684) in font nullfont!
Missing character: There is no 问 ("95EE) in font nullfont!
Missing character: There is no 题 ("9898) in font nullfont!
Missing character: There is no ， ("FF0C) in font nullfont!
Missing character: There is no 对 ("5BF9) in font nullfont!
Missing character: There is no 实 ("5B9E) in font nullfont!
Missing character: There is no 验 ("9A8C) in font nullfont!
Missing character: There is no 系 ("7CFB) in font nullfont!
Missing character: There is no 统 ("7EDF) in font nullfont!
Missing character: There is no 进 ("8FDB) in font nullfont!
Missing character: There is no 行 ("884C) in font nullfont!
Missing character: There is no 了 ("4E86) in font nullfont!
Missing character: There is no 整 ("6574) in font nullfont!
Missing character: There is no 体 ("4F53) in font nullfont!
Missing character: There is no 优 ("4F18) in font nullfont!
Missing character: There is no 化 ("5316) in font nullfont!
Missing character: There is no 设 ("8BBE) in font nullfont!
Missing character: There is no 计 ("8BA1) in font nullfont!
Missing character: There is no ， ("FF0C) in font nullfont!
Missing character: There is no 包 ("5305) in font nullfont!
Missing character: There is no 括 ("62EC) in font nullfont!
Missing character: There is no 紧 ("7D27) in font nullfont!
Missing character: There is no 凑 ("51D1) in font nullfont!
Missing character: There is no 型 ("578B) in font nullfont!
Missing character: There is no 光 ("5149) in font nullfont!
Missing character: There is no 学 ("5B66) in font nullfont!
Missing character: There is no 系 ("7CFB) in font nullfont!
Missing character: There is no 统 ("7EDF) in font nullfont!
Missing character: There is no 、 ("3001) in font nullfont!
Missing character: There is no 永 ("6C38) in font nullfont!
Missing character: There is no 磁 ("78C1) in font nullfont!
Missing character: There is no 体 ("4F53) in font nullfont!
Missing character: There is no — ("2014) in font nullfont!
Missing character: There is no 电 ("7535) in font nullfont!
Missing character: There is no 磁 ("78C1) in font nullfont!
Missing character: There is no 线 ("7EBF) in font nullfont!
Missing character: There is no 圈 ("5708) in font nullfont!
Missing character: There is no 复 ("590D) in font nullfont!
Missing character: There is no 合 ("5408) in font nullfont!
Missing character: There is no 磁 ("78C1) in font nullfont!
Missing character: There is no 场 ("573A) in font nullfont!
Missing character: There is no 系 ("7CFB) in font nullfont!
Missing character: There is no 统 ("7EDF) in font nullfont!
Missing character: There is no 以 ("4EE5) in font nullfont!
Missing character: There is no 及 ("53CA) in font nullfont!
Missing character: There is no 小 ("5C0F) in font nullfont!
Missing character: There is no 型 ("578B) in font nullfont!
Missing character: There is no 化 ("5316) in font nullfont!
Missing character: There is no 超 ("8D85) in font nullfont!
Missing character: There is no 高 ("9AD8) in font nullfont!
Missing character: There is no 真 ("771F) in font nullfont!
Missing character: There is no 空 ("7A7A) in font nullfont!
Missing character: There is no 腔 ("8154) in font nullfont!
Missing character: There is no 体 ("4F53) in font nullfont!
Missing character: There is no 结 ("7ED3) in font nullfont!
Missing character: There is no 构 ("6784) in font nullfont!
Missing character: There is no 。 ("3002) in font nullfont!
Missing character: There is no 基 ("57FA) in font nullfont!
Missing character: There is no 于 ("4E8E) in font nullfont!
Missing character: There is no 铷 ("94F7) in font nullfont!
Missing character: There is no 原 ("539F) in font nullfont!
Missing character: There is no 子 ("5B50) in font nullfont!
Missing character: There is no 实 ("5B9E) in font nullfont!
Missing character: There is no 验 ("9A8C) in font nullfont!
Missing character: There is no 平 ("5E73) in font nullfont!
Missing character: There is no 台 ("53F0) in font nullfont!
Missing character: There is no ， ("FF0C) in font nullfont!
Missing character: There is no 搭 ("642D) in font nullfont!
Missing character: There is no 建 ("5EFA) in font nullfont!
Missing character: There is no 了 ("4E86) in font nullfont!
Missing character: There is no 完 ("5B8C) in font nullfont!
Missing character: There is no 整 ("6574) in font nullfont!
Missing character: There is no 的 ("7684) in font nullfont!
Missing character: There is no 冷 ("51B7) in font nullfont!
Missing character: There is no 原 ("539F) in font nullfont!
Missing character: There is no 子 ("5B50) in font nullfont!
Missing character: There is no 实 ("5B9E) in font nullfont!
Missing character: There is no 验 ("9A8C) in font nullfont!
Missing character: There is no 装 ("88C5) in font nullfont!
Missing character: There is no 置 ("7F6E) in font nullfont!
Missing character: There is no ， ("FF0C) in font nullfont!
Missing character: There is no 并 ("5E76) in font nullfont!
Missing character: There is no 完 ("5B8C) in font nullfont!
Missing character: There is no 成 ("6210) in font nullfont!
Missing character: There is no 了 ("4E86) in font nullfont!
Missing character: There is no 磁 ("78C1) in font nullfont!
Missing character: There is no 光 ("5149) in font nullfont!
Missing character: There is no 阱 ("9631) in font nullfont!
Missing character: There is no 原 ("539F) in font nullfont!
Missing character: There is no 子 ("5B50) in font nullfont!
Missing character: There is no 俘 ("4FD8) in font nullfont!
Missing character: There is no 获 ("83B7) in font nullfont!
Missing character: There is no 、 ("3001) in font nullfont!
Missing character: There is no 原 ("539F) in font nullfont!
Missing character: There is no 子 ("5B50) in font nullfont!
Missing character: There is no 云 ("4E91) in font nullfont!
Missing character: There is no 荧 ("8367) in font nullfont!
Missing character: There is no 光 ("5149) in font nullfont!
Missing character: There is no 探 ("63A2) in font nullfont!
Missing character: There is no 测 ("6D4B) in font nullfont!
Missing character: There is no 以 ("4EE5) in font nullfont!
Missing character: There is no 及 ("53CA) in font nullfont!
Missing character: There is no 磁 ("78C1) in font nullfont!
Missing character: There is no 阱 ("9631) in font nullfont!
Missing character: There is no 中 ("4E2D) in font nullfont!
Missing character: There is no 原 ("539F) in font nullfont!
Missing character: There is no 子 ("5B50) in font nullfont!
Missing character: There is no 寿 ("5BFF) in font nullfont!
Missing character: There is no 命 ("547D) in font nullfont!
Missing character: There is no 测 ("6D4B) in font nullfont!
Missing character: There is no 量 ("91CF) in font nullfont!
Missing character: There is no 等 ("7B49) in font nullfont!
Missing character: There is no 关 ("5173) in font nullfont!
Missing character: There is no 键 ("952E) in font nullfont!
Missing character: There is no 实 ("5B9E) in font nullfont!
Missing character: There is no 验 ("9A8C) in font nullfont!
Missing character: There is no 。 ("3002) in font nullfont!
Missing character: There is no 通 ("901A) in font nullfont!
Missing character: There is no 过 ("8FC7) in font nullfont!
Missing character: There is no 记 ("8BB0) in font nullfont!
Missing character: There is no 录 ("5F55) in font nullfont!
Missing character: There is no 磁 ("78C1) in font nullfont!
Missing character: There is no 阱 ("9631) in font nullfont!
Missing character: There is no 中 ("4E2D) in font nullfont!
Missing character: There is no 原 ("539F) in font nullfont!
Missing character: There is no 子 ("5B50) in font nullfont!
Missing character: There is no 数 ("6570) in font nullfont!
Missing character: There is no 随 ("968F) in font nullfont!
Missing character: There is no 时 ("65F6) in font nullfont!
Missing character: There is no 间 ("95F4) in font nullfont!
Missing character: There is no 衰 ("8870) in font nullfont!
Missing character: There is no 减 ("51CF) in font nullfont!
Missing character: There is no 的 ("7684) in font nullfont!
Missing character: There is no 过 ("8FC7) in font nullfont!
Missing character: There is no 程 ("7A0B) in font nullfont!
Missing character: There is no ， ("FF0C) in font nullfont!
Missing character: There is no 提 ("63D0) in font nullfont!
Missing character: There is no 取 ("53D6) in font nullfont!
Missing character: There is no 原 ("539F) in font nullfont!
Missing character: There is no 子 ("5B50) in font nullfont!
Missing character: There is no 损 ("635F) in font nullfont!
Missing character: There is no 失 ("5931) in font nullfont!
Missing character: There is no 率 ("7387) in font nullfont!
Missing character: There is no 参 ("53C2) in font nullfont!
Missing character: There is no 数 ("6570) in font nullfont!
Missing character: There is no ， ("FF0C) in font nullfont!
Missing character: There is no 并 ("5E76) in font nullfont!
Missing character: There is no 建 ("5EFA) in font nullfont!
Missing character: There is no 立 ("7ACB) in font nullfont!
Missing character: There is no 其 ("5176) in font nullfont!
Missing character: There is no 与 ("4E0E) in font nullfont!
Missing character: There is no 背 ("80CC) in font nullfont!
Missing character: There is no 景 ("666F) in font nullfont!
Missing character: There is no 气 ("6C14) in font nullfont!
Missing character: There is no 体 ("4F53) in font nullfont!
Missing character: There is no 压 ("538B) in font nullfont!
Missing character: There is no 强 ("5F3A) in font nullfont!
Missing character: There is no 之 ("4E4B) in font nullfont!
Missing character: There is no 间 ("95F4) in font nullfont!
Missing character: There is no 的 ("7684) in font nullfont!
Missing character: There is no 定 ("5B9A) in font nullfont!
Missing character: There is no 量 ("91CF) in font nullfont!
Missing character: There is no 关 ("5173) in font nullfont!
Missing character: There is no 系 ("7CFB) in font nullfont!
Missing character: There is no 。 ("3002) in font nullfont!
Missing character: There is no 在 ("5728) in font nullfont!
Missing character: There is no 此 ("6B64) in font nullfont!
Missing character: There is no 基 ("57FA) in font nullfont!
Missing character: There is no 础 ("7840) in font nullfont!
Missing character: There is no 上 ("4E0A) in font nullfont!
Missing character: There is no ， ("FF0C) in font nullfont!
Missing character: There is no 对 ("5BF9) in font nullfont!
Missing character: There is no 系 ("7CFB) in font nullfont!
Missing character: There is no 统 ("7EDF) in font nullfont!
Missing character: There is no 测 ("6D4B) in font nullfont!
Missing character: There is no 量 ("91CF) in font nullfont!
Missing character: There is no 结 ("7ED3) in font nullfont!
Missing character: There is no 果 ("679C) in font nullfont!
Missing character: There is no 的 ("7684) in font nullfont!
Missing character: There is no 一 ("4E00) in font nullfont!
Missing character: There is no 致 ("81F4) in font nullfont!
Missing character: There is no 性 ("6027) in font nullfont!
Missing character: There is no 、 ("3001) in font nullfont!
Missing character: There is no 重 ("91CD) in font nullfont!
Missing character: There is no 复 ("590D) in font nullfont!
Missing character: There is no 性 ("6027) in font nullfont!
Missing character: There is no 以 ("4EE5) in font nullfont!
Missing character: There is no 及 ("53CA) in font nullfont!
Missing character: There is no 主 ("4E3B) in font nullfont!
Missing character: There is no 要 ("8981) in font nullfont!
Missing character: There is no 误 ("8BEF) in font nullfont!
Missing character: There is no 差 ("5DEE) in font nullfont!
Missing character: There is no 来 ("6765) in font nullfont!
Missing character: There is no 源 ("6E90) in font nullfont!
Missing character: There is no 进 ("8FDB) in font nullfont!
Missing character: There is no 行 ("884C) in font nullfont!
Missing character: There is no 了 ("4E86) in font nullfont!
Missing character: There is no 系 ("7CFB) in font nullfont!
Missing character: There is no 统 ("7EDF) in font nullfont!
Missing character: There is no 分 ("5206) in font nullfont!
Missing character: There is no 析 ("6790) in font nullfont!
Missing character: There is no 。 ("3002) in font nullfont!

Overfull \hbox (20.0pt too wide) in paragraph at lines 5--6
[] 
 []


! LaTeX Error: Missing \begin{document}.

See the LaTeX manual or LaTeX Companion for explanation.
Type  H <return>  for immediate help.
 ...                                              
                                                  
l.7 实
     验结果表明，所设计的小型化冷原子真空测量系统能够稳定实现原子俘获与寿命测量，并具备良好的测量一致性与重复性。研究结果为冷原子真空测量装置的小型...

You're in trouble here.  Try typing  <return>  to proceed.
If that doesn't work, type  X <return>  to quit.

Missing character: There is no 实 ("5B9E) in font nullfont!
Missing character: There is no 验 ("9A8C) in font nullfont!
Missing character: There is no 结 ("7ED3) in font nullfont!
Missing character: There is no 果 ("679C) in font nullfont!
Missing character: There is no 表 ("8868) in font nullfont!
Missing character: There is no 明 ("660E) in font nullfont!
Missing character: There is no ， ("FF0C) in font nullfont!
Missing character: There is no 所 ("6240) in font nullfont!
Missing character: There is no 设 ("8BBE) in font nullfont!
Missing character: There is no 计 ("8BA1) in font nullfont!
Missing character: There is no 的 ("7684) in font nullfont!
Missing character: There is no 小 ("5C0F) in font nullfont!
Missing character: There is no 型 ("578B) in font nullfont!
Missing character: There is no 化 ("5316) in font nullfont!
Missing character: There is no 冷 ("51B7) in font nullfont!
Missing character: There is no 原 ("539F) in font nullfont!
Missing character: There is no 子 ("5B50) in font nullfont!
Missing character: There is no 真 ("771F) in font nullfont!
Missing character: There is no 空 ("7A7A) in font nullfont!
Missing character: There is no 测 ("6D4B) in font nullfont!
Missing character: There is no 量 ("91CF) in font nullfont!
Missing character: There is no 系 ("7CFB) in font nullfont!
Missing character: There is no 统 ("7EDF) in font nullfont!
Missing character: There is no 能 ("80FD) in font nullfont!
Missing character: There is no 够 ("591F) in font nullfont!
Missing character: There is no 稳 ("7A33) in font nullfont!
Missing character: There is no 定 ("5B9A) in font nullfont!
Missing character: There is no 实 ("5B9E) in font nullfont!
Missing character: There is no 现 ("73B0) in font nullfont!
Missing character: There is no 原 ("539F) in font nullfont!
Missing character: There is no 子 ("5B50) in font nullfont!
Missing character: There is no 俘 ("4FD8) in font nullfont!
Missing character: There is no 获 ("83B7) in font nullfont!
Missing character: There is no 与 ("4E0E) in font nullfont!
Missing character: There is no 寿 ("5BFF) in font nullfont!
Missing character: There is no 命 ("547D) in font nullfont!
Missing character: There is no 测 ("6D4B) in font nullfont!
Missing character: There is no 量 ("91CF) in font nullfont!
Missing character: There is no ， ("FF0C) in font nullfont!
Missing character: There is no 并 ("5E76) in font nullfont!
Missing character: There is no 具 ("5177) in font nullfont!
Missing character: There is no 备 ("5907) in font nullfont!
Missing character: There is no 良 ("826F) in font nullfont!
Missing character: There is no 好 ("597D) in font nullfont!
Missing character: There is no 的 ("7684) in font nullfont!
Missing character: There is no 测 ("6D4B) in font nullfont!
Missing character: There is no 量 ("91CF) in font nullfont!
Missing character: There is no 一 ("4E00) in font nullfont!
Missing character: There is no 致 ("81F4) in font nullfont!
Missing character: There is no 性 ("6027) in font nullfont!
Missing character: There is no 与 ("4E0E) in font nullfont!
Missing character: There is no 重 ("91CD) in font nullfont!
Missing character: There is no 复 ("590D) in font nullfont!
Missing character: There is no 性 ("6027) in font nullfont!
Missing character: There is no 。 ("3002) in font nullfont!
Missing character: There is no 研 ("7814) in font nullfont!
Missing character: There is no 究 ("7A76) in font nullfont!
Missing character: There is no 结 ("7ED3) in font nullfont!
Missing character: There is no 果 ("679C) in font nullfont!
Missing character: There is no 为 ("4E3A) in font nullfont!
Missing character: There is no 冷 ("51B7) in font nullfont!
Missing character: There is no 原 ("539F) in font nullfont!
Missing character: There is no 子 ("5B50) in font nullfont!
Missing character: There is no 真 ("771F) in font nullfont!
Missing character: There is no 空 ("7A7A) in font nullfont!
Missing character: There is no 测 ("6D4B) in font nullfont!
Missing character: There is no 量 ("91CF) in font nullfont!
Missing character: There is no 装 ("88C5) in font nullfont!
Missing character: There is no 置 ("7F6E) in font nullfont!
Missing character: There is no 的 ("7684) in font nullfont!
Missing character: There is no 小 ("5C0F) in font nullfont!
Missing character: There is no 型 ("578B) in font nullfont!
Missing character: There is no 化 ("5316) in font nullfont!
Missing character: There is no 实 ("5B9E) in font nullfont!
Missing character: There is no 现 ("73B0) in font nullfont!
Missing character: There is no 提 ("63D0) in font nullfont!
Missing character: There is no 供 ("4F9B) in font nullfont!
Missing character: There is no 了 ("4E86) in font nullfont!
Missing character: There is no 实 ("5B9E) in font nullfont!
Missing character: There is no 验 ("9A8C) in font nullfont!
Missing character: There is no 依 ("4F9D) in font nullfont!
Missing character: There is no 据 ("636E) in font nullfont!
Missing character: There is no 与 ("4E0E) in font nullfont!
Missing character: There is no 技 ("6280) in font nullfont!
Missing character: There is no 术 ("672F) in font nullfont!
Missing character: There is no 参 ("53C2) in font nullfont!
Missing character: There is no 考 ("8003) in font nullfont!
Missing character: There is no ， ("FF0C) in font nullfont!
Missing character: There is no 对 ("5BF9) in font nullfont!
Missing character: There is no 推 ("63A8) in font nullfont!
Missing character: There is no 动 ("52A8) in font nullfont!
Missing character: There is no 量 ("91CF) in font nullfont!
Missing character: There is no 子 ("5B50) in font nullfont!
Missing character: There is no 真 ("771F) in font nullfont!
Missing character: There is no 空 ("7A7A) in font nullfont!
Missing character: There is no 计 ("8BA1) in font nullfont!
Missing character: There is no 量 ("91CF) in font nullfont!
Missing character: There is no 技 ("6280) in font nullfont!
Missing character: There is no 术 ("672F) in font nullfont!
Missing character: There is no 向 ("5411) in font nullfont!
Missing character: There is no 工 ("5DE5) in font nullfont!
Missing character: There is no 程 ("7A0B) in font nullfont!
Missing character: There is no 化 ("5316) in font nullfont!
Missing character: There is no 和 ("548C) in font nullfont!
Missing character: There is no 实 ("5B9E) in font nullfont!
Missing character: There is no 际 ("9645) in font nullfont!
Missing character: There is no 应 ("5E94) in font nullfont!
Missing character: There is no 用 ("7528) in font nullfont!
Missing character: There is no 方 ("65B9) in font nullfont!
Missing character: There is no 向 ("5411) in font nullfont!
Missing character: There is no 发 ("53D1) in font nullfont!
Missing character: There is no 展 ("5C55) in font nullfont!
Missing character: There is no 具 ("5177) in font nullfont!
Missing character: There is no 有 ("6709) in font nullfont!
Missing character: There is no 一 ("4E00) in font nullfont!
Missing character: There is no 定 ("5B9A) in font nullfont!
Missing character: There is no 意 ("610F) in font nullfont!
Missing character: There is no 义 ("4E49) in font nullfont!
Missing character: There is no 。 ("3002) in font nullfont!

Overfull \hbox (20.0pt too wide) in paragraph at lines 7--8
[] 
 []

)
! Emergency stop.
<*> abstract.tex
                
*** (job aborted, no legal \end found)

 
Here is how much of TeX's memory you used:
 15 strings out of 474773
 301 string characters out of 5761290
 1917842 words of memory out of 5000000
 22269 multiletter control sequences out of 15000+600000
 558069 words of font info for 36 fonts, out of 8000000 for 9000
 1348 hyphenation exceptions out of 8191
 15i,0n,20p,363b,14s stack positions out of 10000i,1000n,20000p,200000b,200000s
No pages of output.
